c:\users\arisonu\desktop\uat\communication in tech\creative resume\taylorcreativeresume\taylorcreativeresume\debug\taylorcreativeresume.pch
c:\users\arisonu\desktop\uat\communication in tech\creative resume\taylorcreativeresume\taylorcreativeresume\debug\vc140.pdb
c:\users\arisonu\desktop\uat\communication in tech\creative resume\taylorcreativeresume\taylorcreativeresume\debug\vc140.idb
c:\users\arisonu\desktop\uat\communication in tech\creative resume\taylorcreativeresume\taylorcreativeresume\debug\stdafx.obj
c:\users\arisonu\desktop\uat\communication in tech\creative resume\taylorcreativeresume\taylorcreativeresume\debug\taylorcreativeresume.obj
c:\users\arisonu\desktop\uat\communication in tech\creative resume\taylorcreativeresume\taylorcreativeresume\debug\taylorcreativeresume.exe.embed.manifest
c:\users\arisonu\desktop\uat\communication in tech\creative resume\taylorcreativeresume\taylorcreativeresume\debug\taylorcreativeresume.exe.intermediate.manifest
c:\users\arisonu\desktop\uat\communication in tech\creative resume\taylorcreativeresume\taylorcreativeresume\debug\taylorcreativeresume.exe.embed.manifest.res
c:\users\arisonu\desktop\uat\communication in tech\creative resume\taylorcreativeresume\taylorcreativeresume\debug\vc90.idb
c:\users\arisonu\desktop\uat\communication in tech\creative resume\taylorcreativeresume\taylorcreativeresume\debug\vc90.pdb
c:\users\arisonu\desktop\uat\communication in tech\creative resume\taylorcreativeresume\debug\taylorcreativeresume.pdb
c:\users\arisonu\desktop\uat\communication in tech\creative resume\taylorcreativeresume\taylorcreativeresume\debug\taylorcr.c7eede88.tlog\cl.command.1.tlog
c:\users\arisonu\desktop\uat\communication in tech\creative resume\taylorcreativeresume\taylorcreativeresume\debug\taylorcr.c7eede88.tlog\cl.read.1.tlog
c:\users\arisonu\desktop\uat\communication in tech\creative resume\taylorcreativeresume\taylorcreativeresume\debug\taylorcr.c7eede88.tlog\cl.write.1.tlog
c:\users\arisonu\desktop\uat\communication in tech\creative resume\taylorcreativeresume\taylorcreativeresume\debug\taylorcr.c7eede88.tlog\link-cvtres.read.1.tlog
c:\users\arisonu\desktop\uat\communication in tech\creative resume\taylorcreativeresume\taylorcreativeresume\debug\taylorcr.c7eede88.tlog\link-cvtres.write.1.tlog
c:\users\arisonu\desktop\uat\communication in tech\creative resume\taylorcreativeresume\taylorcreativeresume\debug\taylorcr.c7eede88.tlog\link-rc.read.1.tlog
c:\users\arisonu\desktop\uat\communication in tech\creative resume\taylorcreativeresume\taylorcreativeresume\debug\taylorcr.c7eede88.tlog\link-rc.write.1.tlog
c:\users\arisonu\desktop\uat\communication in tech\creative resume\taylorcreativeresume\taylorcreativeresume\debug\taylorcr.c7eede88.tlog\link.command.1.tlog
c:\users\arisonu\desktop\uat\communication in tech\creative resume\taylorcreativeresume\taylorcreativeresume\debug\taylorcr.c7eede88.tlog\link.read.1.tlog
c:\users\arisonu\desktop\uat\communication in tech\creative resume\taylorcreativeresume\taylorcreativeresume\debug\taylorcr.c7eede88.tlog\link.write.1.tlog
